intermediates/manifest_merge_blame_file/release/manifest-merger-blame-release-report.txt
1<?xml version="1.0" encoding="utf-8"?>
2<manifest xmlns:android="http://schemas.android.com/apk/res/android"
3    package="nodomain.freeyourgadget.gadgetbridge"
4    android:versionCode="176"
5    android:versionName="0.45.0" >
6
7    <uses-sdk
8        android:minSdkVersion="19"
8-->src/main/AndroidManifest.xml
9        android:targetSdkVersion="28" />
9-->src/main/AndroidManifest.xml
10    <!--
11        Comment in for testing Pebble Emulator
12        <uses-permission android:name="android.permission.INTERNET" />
13    -->
14    <uses-permission android:name="android.permission.BLUETOOTH" />
14-->src/main/AndroidManifest.xml:8:5-68
14-->src/main/AndroidManifest.xml:8:22-65
15    <uses-permission android:name="android.permission.BLUETOOTH_ADMIN" />
15-->src/main/AndroidManifest.xml:9:5-74
15-->src/main/AndroidManifest.xml:9:22-71
16    <uses-permission android:name="android.permission.READ_CALL_LOG" />
16-->src/main/AndroidManifest.xml:10:5-72
16-->src/main/AndroidManifest.xml:10:22-69
17    <uses-permission android:name="android.permission.READ_PHONE_STATE" />
17-->src/main/AndroidManifest.xml:11:5-75
17-->src/main/AndroidManifest.xml:11:22-72
18    <uses-permission android:name="android.permission.PROCESS_OUTGOING_CALLS" />
18-->src/main/AndroidManifest.xml:12:5-81
18-->src/main/AndroidManifest.xml:12:22-78
19    <uses-permission android:name="android.permission.CALL_PHONE" />
19-->src/main/AndroidManifest.xml:13:5-69
19-->src/main/AndroidManifest.xml:13:22-66
20    <uses-permission android:name="android.permission.ANSWER_PHONE_CALLS" />
20-->src/main/AndroidManifest.xml:14:5-77
20-->src/main/AndroidManifest.xml:14:22-74
21    <uses-permission android:name="android.permission.RECEIVE_SMS" />
21-->src/main/AndroidManifest.xml:15:5-70
21-->src/main/AndroidManifest.xml:15:22-67
22    <uses-permission android:name="android.permission.SEND_SMS" />
22-->src/main/AndroidManifest.xml:16:5-67
22-->src/main/AndroidManifest.xml:16:22-64
23    <uses-permission android:name="android.permission.READ_CONTACTS" />
23-->src/main/AndroidManifest.xml:17:5-72
23-->src/main/AndroidManifest.xml:17:22-69
24    <uses-permission android:name="android.permission.READ_EXTERNAL_STORAGE" />
24-->src/main/AndroidManifest.xml:18:5-80
24-->src/main/AndroidManifest.xml:18:22-77
25    <uses-permission android:name="android.permission.READ_CALENDAR" />
25-->src/main/AndroidManifest.xml:19:5-72
25-->src/main/AndroidManifest.xml:19:22-69
26    <uses-permission android:name="android.permission.ACCESS_COARSE_LOCATION" />
26-->src/main/AndroidManifest.xml:20:5-81
26-->src/main/AndroidManifest.xml:20:22-78
27    <uses-permission android:name="android.permission.MEDIA_CONTENT_CONTROL" />
27-->src/main/AndroidManifest.xml:21:5-80
27-->src/main/AndroidManifest.xml:21:22-77
28    <uses-permission android:name="android.permission.RECEIVE_BOOT_COMPLETED" />
28-->src/main/AndroidManifest.xml:22:5-81
28-->src/main/AndroidManifest.xml:22:22-78
29    <uses-permission android:name="android.permission.FOREGROUND_SERVICE" />
29-->src/main/AndroidManifest.xml:23:5-77
29-->src/main/AndroidManifest.xml:23:22-74
30    <uses-permission android:name="android.permission.VIBRATE" /> <!-- Used for reverse find device -->
30-->src/main/AndroidManifest.xml:24:5-66
30-->src/main/AndroidManifest.xml:24:22-63
31    <uses-permission android:name="cyanogenmod.permission.ACCESS_WEATHER_MANAGER" />
31-->src/main/AndroidManifest.xml:25:5-85
31-->src/main/AndroidManifest.xml:25:22-82
32    <uses-permission android:name="cyanogenmod.permission.READ_WEATHER" />
32-->src/main/AndroidManifest.xml:26:5-75
32-->src/main/AndroidManifest.xml:26:22-72
33    <uses-permission android:name="lineageos.permission.ACCESS_WEATHER_MANAGER" />
33-->src/main/AndroidManifest.xml:27:5-83
33-->src/main/AndroidManifest.xml:27:22-80
34    <uses-permission android:name="lineageos.permission.READ_WEATHER" />
34-->src/main/AndroidManifest.xml:28:5-73
34-->src/main/AndroidManifest.xml:28:22-70
35    <uses-permission android:name="org.omnirom.omnijaws.READ_WEATHER" />
35-->src/main/AndroidManifest.xml:29:5-73
35-->src/main/AndroidManifest.xml:29:22-70
36
37    <uses-feature
37-->src/main/AndroidManifest.xml:31:5-33:35
38        android:name="android.hardware.bluetooth"
38-->src/main/AndroidManifest.xml:32:9-50
39        android:required="true" />
39-->src/main/AndroidManifest.xml:33:9-32
40    <uses-feature
40-->src/main/AndroidManifest.xml:34:5-36:36
41        android:name="android.hardware.bluetooth_le"
41-->src/main/AndroidManifest.xml:35:9-53
42        android:required="false" />
42-->src/main/AndroidManifest.xml:36:9-33
43    <uses-feature
43-->src/main/AndroidManifest.xml:37:5-39:36
44        android:name="android.hardware.telephony"
44-->src/main/AndroidManifest.xml:38:9-50
45        android:required="false" />
45-->src/main/AndroidManifest.xml:39:9-33
46
47    <application
47-->src/main/AndroidManifest.xml:41:5-519:19
48        android:name="nodomain.freeyourgadget.gadgetbridge.GBApplication"
48-->src/main/AndroidManifest.xml:42:9-38
49        android:allowBackup="false"
49-->src/main/AndroidManifest.xml:43:9-36
50        android:appComponentFactory="androidx.core.app.CoreComponentFactory"
50-->[androidx.core:core:1.1.0] AndroidManifest.xml:24:18-86
51        android:fullBackupContent="false"
51-->src/main/AndroidManifest.xml:44:9-42
52        android:icon="@mipmap/ic_launcher"
52-->src/main/AndroidManifest.xml:45:9-43
53        android:label="@string/app_name"
53-->src/main/AndroidManifest.xml:46:9-41
54        android:roundIcon="@mipmap/ic_launcher_round"
54-->src/main/AndroidManifest.xml:47:9-54
55        android:supportsRtl="true"
55-->[com.github.wax911:android-emojify:0.1.7] AndroidManifest.xml:13:9-35
56        android:theme="@style/GadgetbridgeTheme" >
56-->src/main/AndroidManifest.xml:48:9-49
57        <activity android:name="nodomain.freeyourgadget.gadgetbridge.devices.qhybrid.WidgetSettingsActivity" />
57-->src/main/AndroidManifest.xml:49:9-85
57-->src/main/AndroidManifest.xml:49:19-73
58        <activity
58-->src/main/AndroidManifest.xml:50:9-61:20
59            android:name="nodomain.freeyourgadget.gadgetbridge.activities.ControlCenterv2"
59-->src/main/AndroidManifest.xml:51:13-55
60            android:label="@string/title_activity_controlcenter"
60-->src/main/AndroidManifest.xml:52:13-65
61            android:theme="@style/SplashTheme" >
61-->src/main/AndroidManifest.xml:53:13-47
62            <intent-filter>
62-->src/main/AndroidManifest.xml:54:13-60:29
63                <category android:name="android.intent.category.DEFAULT" />
63-->src/main/AndroidManifest.xml:55:17-76
63-->src/main/AndroidManifest.xml:55:27-73
64
65                <action android:name="android.intent.action.MAIN" />
65-->src/main/AndroidManifest.xml:57:17-69
65-->src/main/AndroidManifest.xml:57:25-66
66
67                <category android:name="android.intent.category.LAUNCHER" />
67-->src/main/AndroidManifest.xml:59:17-77
67-->src/main/AndroidManifest.xml:59:27-74
68            </intent-filter>
69        </activity>
70        <activity
70-->src/main/AndroidManifest.xml:62:9-65:72
71            android:name="nodomain.freeyourgadget.gadgetbridge.activities.SettingsActivity"
71-->src/main/AndroidManifest.xml:63:13-56
72            android:label="@string/title_activity_settings"
72-->src/main/AndroidManifest.xml:64:13-60
73            android:parentActivityName="nodomain.freeyourgadget.gadgetbridge.activities.ControlCenterv2" />
73-->src/main/AndroidManifest.xml:65:13-69
74        <activity
74-->src/main/AndroidManifest.xml:66:9-69:89
75            android:name="nodomain.freeyourgadget.gadgetbridge.activities.charts.ChartsPreferencesActivity"
75-->src/main/AndroidManifest.xml:67:13-72
76            android:label="@string/activity_prefs_charts"
76-->src/main/AndroidManifest.xml:68:13-58
77            android:parentActivityName="nodomain.freeyourgadget.gadgetbridge.activities.charts.ChartsPreferencesActivity" />
77-->src/main/AndroidManifest.xml:69:13-86
78        <activity
78-->src/main/AndroidManifest.xml:70:9-73:73
79            android:name="nodomain.freeyourgadget.gadgetbridge.devices.miband.MiBandPreferencesActivity"
79-->src/main/AndroidManifest.xml:71:13-69
80            android:label="@string/preferences_miband_settings"
80-->src/main/AndroidManifest.xml:72:13-64
81            android:parentActivityName="nodomain.freeyourgadget.gadgetbridge.activities.SettingsActivity" />
81-->src/main/AndroidManifest.xml:73:13-70
82        <activity
82-->src/main/AndroidManifest.xml:74:9-77:73
83            android:name="nodomain.freeyourgadget.gadgetbridge.devices.zetime.ZeTimePreferenceActivity"
83-->src/main/AndroidManifest.xml:75:13-68
84            android:label="@string/zetime_title_settings"
84-->src/main/AndroidManifest.xml:76:13-58
85            android:parentActivityName="nodomain.freeyourgadget.gadgetbridge.activities.SettingsActivity" />
85-->src/main/AndroidManifest.xml:77:13-70
86        <activity
86-->src/main/AndroidManifest.xml:78:9-81:72
87            android:name="nodomain.freeyourgadget.gadgetbridge.activities.ActivitySummariesActivity"
87-->src/main/AndroidManifest.xml:79:13-65
88            android:label="@string/activity_summaries"
88-->src/main/AndroidManifest.xml:80:13-55
89            android:parentActivityName="nodomain.freeyourgadget.gadgetbridge.activities.ControlCenterv2" />
89-->src/main/AndroidManifest.xml:81:13-69
90        <activity
90-->src/main/AndroidManifest.xml:82:9-86:72
91            android:name="nodomain.freeyourgadget.gadgetbridge.activities.appmanager.AppManagerActivity"
91-->src/main/AndroidManifest.xml:83:13-69
92            android:label="@string/title_activity_appmanager"
92-->src/main/AndroidManifest.xml:84:13-62
93            android:launchMode="singleTop"
93-->src/main/AndroidManifest.xml:85:13-43
94            android:parentActivityName="nodomain.freeyourgadget.gadgetbridge.activities.ControlCenterv2" />
94-->src/main/AndroidManifest.xml:86:13-69
95        <activity
95-->src/main/AndroidManifest.xml:87:9-90:73
96            android:name="nodomain.freeyourgadget.gadgetbridge.activities.AppBlacklistActivity"
96-->src/main/AndroidManifest.xml:88:13-60
97            android:label="@string/title_activity_appblacklist"
97-->src/main/AndroidManifest.xml:89:13-64
98            android:parentActivityName="nodomain.freeyourgadget.gadgetbridge.activities.SettingsActivity" />
98-->src/main/AndroidManifest.xml:90:13-70
99        <activity
99-->src/main/AndroidManifest.xml:91:9-94:73
100            android:name="nodomain.freeyourgadget.gadgetbridge.activities.CalBlacklistActivity"
100-->src/main/AndroidManifest.xml:92:13-60
101            android:label="@string/title_activity_calblacklist"
101-->src/main/AndroidManifest.xml:93:13-64
102            android:parentActivityName="nodomain.freeyourgadget.gadgetbridge.activities.SettingsActivity" />
102-->src/main/AndroidManifest.xml:94:13-70
103        <activity
103-->src/main/AndroidManifest.xml:95:9-312:20
104            android:name="nodomain.freeyourgadget.gadgetbridge.activities.FwAppInstallerActivity"
104-->src/main/AndroidManifest.xml:96:13-62
105            android:label="@string/title_activity_fw_app_insaller"
105-->src/main/AndroidManifest.xml:97:13-67
106            android:parentActivityName="nodomain.freeyourgadget.gadgetbridge.activities.ControlCenterv2" >
106-->src/main/AndroidManifest.xml:98:13-69
107            <intent-filter>
107-->src/main/AndroidManifest.xml:99:13-192:29
108                <action android:name="android.intent.action.VIEW" />
108-->src/main/AndroidManifest.xml:100:17-69
108-->src/main/AndroidManifest.xml:100:25-66
109
110                <category android:name="android.intent.category.DEFAULT" />
110-->src/main/AndroidManifest.xml:55:17-76
110-->src/main/AndroidManifest.xml:55:27-73
111
112                <data android:mimeType="*/*" />
112-->src/main/AndroidManifest.xml:104:17-48
112-->src/main/AndroidManifest.xml:104:23-45
113                <!-- needed for aosp-derived ROMs? -->
114
115                <data android:host="*" />
115-->src/main/AndroidManifest.xml:104:17-48
115-->src/main/AndroidManifest.xml:107:23-39
116                <data android:scheme="file" />
116-->src/main/AndroidManifest.xml:104:17-48
116-->src/main/AndroidManifest.xml:108:23-44
117
118                <!-- as seen on openkeychain repo: https://github.com/open-keychain/open-keychain/blob/master/OpenKeychain/src/main/AndroidManifest.xml -->
119
120                <data android:pathPattern="/.*\\.fw" />
120-->src/main/AndroidManifest.xml:104:17-48
120-->src/main/AndroidManifest.xml:112:23-53
121                <data android:pathPattern="/.*\\..*\\.fw" />
121-->src/main/AndroidManifest.xml:104:17-48
121-->src/main/AndroidManifest.xml:112:23-53
122                <data android:pathPattern="/.*\\..*\\..*\\.fw" />
122-->src/main/AndroidManifest.xml:104:17-48
122-->src/main/AndroidManifest.xml:112:23-53
123                <data android:pathPattern="/.*\\..*\\..*\\..*\\.fw" />
123-->src/main/AndroidManifest.xml:104:17-48
123-->src/main/AndroidManifest.xml:112:23-53
124                <data android:pathPattern="/.*\\..*\\..*\\..*\\..*\\.fw" />
124-->src/main/AndroidManifest.xml:104:17-48
124-->src/main/AndroidManifest.xml:112:23-53
125                <data android:pathPattern="/.*\\..*\\..*\\..*\\..*\\..*\\.fw" />
125-->src/main/AndroidManifest.xml:104:17-48
125-->src/main/AndroidManifest.xml:112:23-53
126                <data android:pathPattern="/.*\\..*\\..*\\..*\\..*\\..*\\..*\\.fw" />
126-->src/main/AndroidManifest.xml:104:17-48
126-->src/main/AndroidManifest.xml:112:23-53
127                <data android:pathPattern="/.*\\..*\\..*\\..*\\..*\\..*\\..*\\..*\\.fw" />
127-->src/main/AndroidManifest.xml:104:17-48
127-->src/main/AndroidManifest.xml:112:23-53
128                <data android:pathPattern="/.*\\..*\\..*\\..*\\..*\\..*\\..*\\..*\\..*\\.fw" />
128-->src/main/AndroidManifest.xml:104:17-48
128-->src/main/AndroidManifest.xml:112:23-53
129                <data android:pathPattern="/.*\\..*\\..*\\..*\\..*\\..*\\..*\\..*\\..*\\..*\\.fw" />
129-->src/main/AndroidManifest.xml:104:17-48
129-->src/main/AndroidManifest.xml:112:23-53
130                <data android:pathPattern="/.*\\.ft.en" />
130-->src/main/AndroidManifest.xml:104:17-48
130-->src/main/AndroidManifest.xml:112:23-53
131                <data android:pathPattern="/.*\\..*\\.ft.en" />
131-->src/main/AndroidManifest.xml:104:17-48
131-->src/main/AndroidManifest.xml:112:23-53
132                <data android:pathPattern="/.*\\..*\\..*\\.ft.en" />
132-->src/main/AndroidManifest.xml:104:17-48
132-->src/main/AndroidManifest.xml:112:23-53
133                <data android:pathPattern="/.*\\..*\\..*\\..*\\.ft.en" />
133-->src/main/AndroidManifest.xml:104:17-48
133-->src/main/AndroidManifest.xml:112:23-53
134                <data android:pathPattern="/.*\\..*\\..*\\..*\\..*\\.ft.en" />
134-->src/main/AndroidManifest.xml:104:17-48
134-->src/main/AndroidManifest.xml:112:23-53
135                <data android:pathPattern="/.*\\..*\\..*\\..*\\..*\\..*\\.ft.en" />
135-->src/main/AndroidManifest.xml:104:17-48
135-->src/main/AndroidManifest.xml:112:23-53
136                <data android:pathPattern="/.*\\..*\\..*\\..*\\..*\\..*\\..*\\.ft.en" />
136-->src/main/AndroidManifest.xml:104:17-48
136-->src/main/AndroidManifest.xml:112:23-53
137                <data android:pathPattern="/.*\\..*\\..*\\..*\\..*\\..*\\..*\\..*\\.ft.en" />
137-->src/main/AndroidManifest.xml:104:17-48
137-->src/main/AndroidManifest.xml:112:23-53
138                <data android:pathPattern="/.*\\..*\\..*\\..*\\..*\\..*\\..*\\..*\\..*\\.ft.en" />
138-->src/main/AndroidManifest.xml:104:17-48
138-->src/main/AndroidManifest.xml:112:23-53
139                <data android:pathPattern="/.*\\..*\\..*\\..*\\..*\\..*\\..*\\..*\\..*\\..*\\.ft.en" />
139-->src/main/AndroidManifest.xml:104:17-48
139-->src/main/AndroidManifest.xml:112:23-53
140                <data android:pathPattern="/.*\\.ft" />
140-->src/main/AndroidManifest.xml:104:17-48
140-->src/main/AndroidManifest.xml:112:23-53
141                <data android:pathPattern="/.*\\..*\\.ft" />
141-->src/main/AndroidManifest.xml:104:17-48
141-->src/main/AndroidManifest.xml:112:23-53
142                <data android:pathPattern="/.*\\..*\\..*\\.ft" />
142-->src/main/AndroidManifest.xml:104:17-48
142-->src/main/AndroidManifest.xml:112:23-53
143                <data android:pathPattern="/.*\\..*\\..*\\..*\\.ft" />
143-->src/main/AndroidManifest.xml:104:17-48
143-->src/main/AndroidManifest.xml:112:23-53
144                <data android:pathPattern="/.*\\..*\\..*\\..*\\..*\\.ft" />
144-->src/main/AndroidManifest.xml:104:17-48
144-->src/main/AndroidManifest.xml:112:23-53
145                <data android:pathPattern="/.*\\..*\\..*\\..*\\..*\\..*\\.ft" />
145-->src/main/AndroidManifest.xml:104:17-48
145-->src/main/AndroidManifest.xml:112:23-53
146                <data android:pathPattern="/.*\\..*\\..*\\..*\\..*\\..*\\..*\\.ft" />
146-->src/main/AndroidManifest.xml:104:17-48
146-->src/main/AndroidManifest.xml:112:23-53
147                <data android:pathPattern="/.*\\..*\\..*\\..*\\..*\\..*\\..*\\..*\\.ft" />
147-->src/main/AndroidManifest.xml:104:17-48
147-->src/main/AndroidManifest.xml:112:23-53
148                <data android:pathPattern="/.*\\..*\\..*\\..*\\..*\\..*\\..*\\..*\\..*\\.ft" />
148-->src/main/AndroidManifest.xml:104:17-48
148-->src/main/AndroidManifest.xml:112:23-53
149                <data android:pathPattern="/.*\\..*\\..*\\..*\\..*\\..*\\..*\\..*\\..*\\..*\\.ft" />
149-->src/main/AndroidManifest.xml:104:17-48
149-->src/main/AndroidManifest.xml:112:23-53
150                <data android:pathPattern="/.*\\.res" />
150-->src/main/AndroidManifest.xml:104:17-48
150-->src/main/AndroidManifest.xml:112:23-53
151                <data android:pathPattern="/.*\\..*\\.res" />
151-->src/main/AndroidManifest.xml:104:17-48
151-->src/main/AndroidManifest.xml:112:23-53
152                <data android:pathPattern="/.*\\..*\\..*\\.res" />
152-->src/main/AndroidManifest.xml:104:17-48
152-->src/main/AndroidManifest.xml:112:23-53
153                <data android:pathPattern="/.*\\..*\\..*\\..*\\.res" />
153-->src/main/AndroidManifest.xml:104:17-48
153-->src/main/AndroidManifest.xml:112:23-53
154                <data android:pathPattern="/.*\\..*\\..*\\..*\\..*\\.res" />
154-->src/main/AndroidManifest.xml:104:17-48
154-->src/main/AndroidManifest.xml:112:23-53
155                <data android:pathPattern="/.*\\..*\\..*\\..*\\..*\\..*\\.res" />
155-->src/main/AndroidManifest.xml:104:17-48
155-->src/main/AndroidManifest.xml:112:23-53
156                <data android:pathPattern="/.*\\..*\\..*\\..*\\..*\\..*\\..*\\.res" />
156-->src/main/AndroidManifest.xml:104:17-48
156-->src/main/AndroidManifest.xml:112:23-53
157                <data android:pathPattern="/.*\\..*\\..*\\..*\\..*\\..*\\..*\\..*\\.res" />
157-->src/main/AndroidManifest.xml:104:17-48
157-->src/main/AndroidManifest.xml:112:23-53
158                <data android:pathPattern="/.*\\..*\\..*\\..*\\..*\\..*\\..*\\..*\\..*\\.res" />
158-->src/main/AndroidManifest.xml:104:17-48
158-->src/main/AndroidManifest.xml:112:23-53
159                <data android:pathPattern="/.*\\..*\\..*\\..*\\..*\\..*\\..*\\..*\\..*\\..*\\.res" />
159-->src/main/AndroidManifest.xml:104:17-48
159-->src/main/AndroidManifest.xml:112:23-53
160                <data android:pathPattern="/.*\\.gps" />
160-->src/main/AndroidManifest.xml:104:17-48
160-->src/main/AndroidManifest.xml:112:23-53
161                <data android:pathPattern="/.*\\..*\\.gps" />
161-->src/main/AndroidManifest.xml:104:17-48
161-->src/main/AndroidManifest.xml:112:23-53
162                <data android:pathPattern="/.*\\..*\\..*\\.gps" />
162-->src/main/AndroidManifest.xml:104:17-48
162-->src/main/AndroidManifest.xml:112:23-53
163                <data android:pathPattern="/.*\\..*\\..*\\..*\\.gps" />
163-->src/main/AndroidManifest.xml:104:17-48
163-->src/main/AndroidManifest.xml:112:23-53
164                <data android:pathPattern="/.*\\..*\\..*\\..*\\..*\\.gps" />
164-->src/main/AndroidManifest.xml:104:17-48
164-->src/main/AndroidManifest.xml:112:23-53
165                <data android:pathPattern="/.*\\..*\\..*\\..*\\..*\\..*\\.gps" />
165-->src/main/AndroidManifest.xml:104:17-48
165-->src/main/AndroidManifest.xml:112:23-53
166                <data android:pathPattern="/.*\\..*\\..*\\..*\\..*\\..*\\..*\\.gps" />
166-->src/main/AndroidManifest.xml:104:17-48
166-->src/main/AndroidManifest.xml:112:23-53
167                <data android:pathPattern="/.*\\..*\\..*\\..*\\..*\\..*\\..*\\..*\\.gps" />
167-->src/main/AndroidManifest.xml:104:17-48
167-->src/main/AndroidManifest.xml:112:23-53
168                <data android:pathPattern="/.*\\..*\\..*\\..*\\..*\\..*\\..*\\..*\\..*\\.gps" />
168-->src/main/AndroidManifest.xml:104:17-48
168-->src/main/AndroidManifest.xml:112:23-53
169                <data android:pathPattern="/.*\\..*\\..*\\..*\\..*\\..*\\..*\\..*\\..*\\..*\\.gps" />
169-->src/main/AndroidManifest.xml:104:17-48
169-->src/main/AndroidManifest.xml:112:23-53
170                <data android:pathPattern="/.*\\.pbw" />
170-->src/main/AndroidManifest.xml:104:17-48
170-->src/main/AndroidManifest.xml:112:23-53
171                <data android:pathPattern="/.*\\..*\\.pbw" />
171-->src/main/AndroidManifest.xml:104:17-48
171-->src/main/AndroidManifest.xml:112:23-53
172                <data android:pathPattern="/.*\\..*\\..*\\.pbw" />
172-->src/main/AndroidManifest.xml:104:17-48
172-->src/main/AndroidManifest.xml:112:23-53
173                <data android:pathPattern="/.*\\..*\\..*\\..*\\.pbw" />
173-->src/main/AndroidManifest.xml:104:17-48
173-->src/main/AndroidManifest.xml:112:23-53
174                <data android:pathPattern="/.*\\..*\\..*\\..*\\..*\\.pbw" />
174-->src/main/AndroidManifest.xml:104:17-48
174-->src/main/AndroidManifest.xml:112:23-53
175                <data android:pathPattern="/.*\\..*\\..*\\..*\\..*\\..*\\.pbw" />
175-->src/main/AndroidManifest.xml:104:17-48
175-->src/main/AndroidManifest.xml:112:23-53
176                <data android:pathPattern="/.*\\..*\\..*\\..*\\..*\\..*\\..*\\.pbw" />
176-->src/main/AndroidManifest.xml:104:17-48
176-->src/main/AndroidManifest.xml:112:23-53
177                <data android:pathPattern="/.*\\..*\\..*\\..*\\..*\\..*\\..*\\..*\\.pbw" />
177-->src/main/AndroidManifest.xml:104:17-48
177-->src/main/AndroidManifest.xml:112:23-53
178                <data android:pathPattern="/.*\\..*\\..*\\..*\\..*\\..*\\..*\\..*\\..*\\.pbw" />
178-->src/main/AndroidManifest.xml:104:17-48
178-->src/main/AndroidManifest.xml:112:23-53
179                <data android:pathPattern="/.*\\..*\\..*\\..*\\..*\\..*\\..*\\..*\\..*\\..*\\.pbw" />
179-->src/main/AndroidManifest.xml:104:17-48
179-->src/main/AndroidManifest.xml:112:23-53
180                <data android:pathPattern="/.*\\.pbz" />
180-->src/main/AndroidManifest.xml:104:17-48
180-->src/main/AndroidManifest.xml:112:23-53
181                <data android:pathPattern="/.*\\..*\\.pbz" />
181-->src/main/AndroidManifest.xml:104:17-48
181-->src/main/AndroidManifest.xml:112:23-53
182                <data android:pathPattern="/.*\\..*\\..*\\.pbz" />
182-->src/main/AndroidManifest.xml:104:17-48
182-->src/main/AndroidManifest.xml:112:23-53
183                <data android:pathPattern="/.*\\..*\\..*\\..*\\.pbz" />
183-->src/main/AndroidManifest.xml:104:17-48
183-->src/main/AndroidManifest.xml:112:23-53
184                <data android:pathPattern="/.*\\..*\\..*\\..*\\..*\\.pbz" />
184-->src/main/AndroidManifest.xml:104:17-48
184-->src/main/AndroidManifest.xml:112:23-53
185                <data android:pathPattern="/.*\\..*\\..*\\..*\\..*\\..*\\.pbz" />
185-->src/main/AndroidManifest.xml:104:17-48
185-->src/main/AndroidManifest.xml:112:23-53
186                <data android:pathPattern="/.*\\..*\\..*\\..*\\..*\\..*\\..*\\.pbz" />
186-->src/main/AndroidManifest.xml:104:17-48
186-->src/main/AndroidManifest.xml:112:23-53
187                <data android:pathPattern="/.*\\..*\\..*\\..*\\..*\\..*\\..*\\..*\\.pbz" />
187-->src/main/AndroidManifest.xml:104:17-48
187-->src/main/AndroidManifest.xml:112:23-53
188                <data android:pathPattern="/.*\\..*\\..*\\..*\\..*\\..*\\..*\\..*\\..*\\.pbz" />
188-->src/main/AndroidManifest.xml:104:17-48
188-->src/main/AndroidManifest.xml:112:23-53
189                <data android:pathPattern="/.*\\..*\\..*\\..*\\..*\\..*\\..*\\..*\\..*\\..*\\.pbz" />
189-->src/main/AndroidManifest.xml:104:17-48
189-->src/main/AndroidManifest.xml:112:23-53
190                <data android:pathPattern="/.*\\.pbl" />
190-->src/main/AndroidManifest.xml:104:17-48
190-->src/main/AndroidManifest.xml:112:23-53
191                <data android:pathPattern="/.*\\..*\\.pbl" />
191-->src/main/AndroidManifest.xml:104:17-48
191-->src/main/AndroidManifest.xml:112:23-53
192                <data android:pathPattern="/.*\\..*\\..*\\.pbl" />
192-->src/main/AndroidManifest.xml:104:17-48
192-->src/main/AndroidManifest.xml:112:23-53
193                <data android:pathPattern="/.*\\..*\\..*\\..*\\.pbl" />
193-->src/main/AndroidManifest.xml:104:17-48
193-->src/main/AndroidManifest.xml:112:23-53
194                <data android:pathPattern="/.*\\..*\\..*\\..*\\..*\\.pbl" />
194-->src/main/AndroidManifest.xml:104:17-48
194-->src/main/AndroidManifest.xml:112:23-53
195                <data android:pathPattern="/.*\\..*\\..*\\..*\\..*\\..*\\.pbl" />
195-->src/main/AndroidManifest.xml:104:17-48
195-->src/main/AndroidManifest.xml:112:23-53
196                <data android:pathPattern="/.*\\..*\\..*\\..*\\..*\\..*\\..*\\.pbl" />
196-->src/main/AndroidManifest.xml:104:17-48
196-->src/main/AndroidManifest.xml:112:23-53
197                <data android:pathPattern="/.*\\..*\\..*\\..*\\..*\\..*\\..*\\..*\\.pbl" />
197-->src/main/AndroidManifest.xml:104:17-48
197-->src/main/AndroidManifest.xml:112:23-53
198                <data android:pathPattern="/.*\\..*\\..*\\..*\\..*\\..*\\..*\\..*\\..*\\.pbl" />
198-->src/main/AndroidManifest.xml:104:17-48
198-->src/main/AndroidManifest.xml:112:23-53
199                <data android:pathPattern="/.*\\..*\\..*\\..*\\..*\\..*\\..*\\..*\\..*\\..*\\.pbl" />
199-->src/main/AndroidManifest.xml:104:17-48
199-->src/main/AndroidManifest.xml:112:23-53
200            </intent-filter>
201            <intent-filter>
201-->src/main/AndroidManifest.xml:193:13-285:29
202                <action android:name="android.intent.action.VIEW" />
202-->src/main/AndroidManifest.xml:100:17-69
202-->src/main/AndroidManifest.xml:100:25-66
203
204                <category android:name="android.intent.category.DEFAULT" />
204-->src/main/AndroidManifest.xml:55:17-76
204-->src/main/AndroidManifest.xml:55:27-73
205
206                <!-- no mimeType filter, needed for CM-derived ROMs? -->
207
208                <data android:host="*" />
208-->src/main/AndroidManifest.xml:104:17-48
208-->src/main/AndroidManifest.xml:107:23-39
209                <data android:scheme="file" />
209-->src/main/AndroidManifest.xml:104:17-48
209-->src/main/AndroidManifest.xml:108:23-44
210
211                <!-- as seen on openkeychain repo: https://github.com/open-keychain/open-keychain/blob/master/OpenKeychain/src/main/AndroidManifest.xml -->
212
213                <data android:pathPattern="/.*\\.fw" />
213-->src/main/AndroidManifest.xml:104:17-48
213-->src/main/AndroidManifest.xml:112:23-53
214                <data android:pathPattern="/.*\\..*\\.fw" />
214-->src/main/AndroidManifest.xml:104:17-48
214-->src/main/AndroidManifest.xml:112:23-53
215                <data android:pathPattern="/.*\\..*\\..*\\.fw" />
215-->src/main/AndroidManifest.xml:104:17-48
215-->src/main/AndroidManifest.xml:112:23-53
216                <data android:pathPattern="/.*\\..*\\..*\\..*\\.fw" />
216-->src/main/AndroidManifest.xml:104:17-48
216-->src/main/AndroidManifest.xml:112:23-53
217                <data android:pathPattern="/.*\\..*\\..*\\..*\\..*\\.fw" />
217-->src/main/AndroidManifest.xml:104:17-48
217-->src/main/AndroidManifest.xml:112:23-53
218                <data android:pathPattern="/.*\\..*\\..*\\..*\\..*\\..*\\.fw" />
218-->src/main/AndroidManifest.xml:104:17-48
218-->src/main/AndroidManifest.xml:112:23-53
219                <data android:pathPattern="/.*\\..*\\..*\\..*\\..*\\..*\\..*\\.fw" />
219-->src/main/AndroidManifest.xml:104:17-48
219-->src/main/AndroidManifest.xml:112:23-53
220                <data android:pathPattern="/.*\\..*\\..*\\..*\\..*\\..*\\..*\\..*\\.fw" />
220-->src/main/AndroidManifest.xml:104:17-48
220-->src/main/AndroidManifest.xml:112:23-53
221                <data android:pathPattern="/.*\\..*\\..*\\..*\\..*\\..*\\..*\\..*\\..*\\.fw" />
221-->src/main/AndroidManifest.xml:104:17-48
221-->src/main/AndroidManifest.xml:112:23-53
222                <data android:pathPattern="/.*\\..*\\..*\\..*\\..*\\..*\\..*\\..*\\..*\\..*\\.fw" />
222-->src/main/AndroidManifest.xml:104:17-48
222-->src/main/AndroidManifest.xml:112:23-53
223                <data android:pathPattern="/.*\\.ft.en" />
223-->src/main/AndroidManifest.xml:104:17-48
223-->src/main/AndroidManifest.xml:112:23-53
224                <data android:pathPattern="/.*\\..*\\.ft.en" />
224-->src/main/AndroidManifest.xml:104:17-48
224-->src/main/AndroidManifest.xml:112:23-53
225                <data android:pathPattern="/.*\\..*\\..*\\.ft.en" />
225-->src/main/AndroidManifest.xml:104:17-48
225-->src/main/AndroidManifest.xml:112:23-53
226                <data android:pathPattern="/.*\\..*\\..*\\..*\\.ft.en" />
226-->src/main/AndroidManifest.xml:104:17-48
226-->src/main/AndroidManifest.xml:112:23-53
227                <data android:pathPattern="/.*\\..*\\..*\\..*\\..*\\.ft.en" />
227-->src/main/AndroidManifest.xml:104:17-48
227-->src/main/AndroidManifest.xml:112:23-53
228                <data android:pathPattern="/.*\\..*\\..*\\..*\\..*\\..*\\.ft.en" />
228-->src/main/AndroidManifest.xml:104:17-48
228-->src/main/AndroidManifest.xml:112:23-53